<?xml version="1.0" encoding="UTF-8"?>
<testng-results skipped="0" failed="0" ignored="0" total="1" passed="1">
  <reporter-output>
  </reporter-output>
  <suite name="Default suite" duration-ms="119430" started-at="2019-12-22T18:41:17Z" finished-at="2019-12-22T18:43:17Z">
    <groups>
    </groups>
    <test name="Default test" duration-ms="119430" started-at="2019-12-22T18:41:17Z" finished-at="2019-12-22T18:43:17Z">
      <class name="oneFc.appiumautomation.OneFcTest">
        <test-method status="PASS" signature="presetUp()[pri:0, instance:oneFc.appiumautomation.OneFcTest@17211155]" name="presetUp" is-config="true" duration-ms="26635" started-at="2019-12-22T18:41:17Z" finished-at="2019-12-22T18:41:44Z">
          <reporter-output>
          </reporter-output>
        </test-method> <!-- presetUp -->
        <test-method status="PASS" signature="oneFcTest()[pri:0, instance:oneFc.appiumautomation.OneFcTest@17211155]" name="oneFcTest" duration-ms="92306" started-at="2019-12-22T18:41:44Z" finished-at="2019-12-22T18:43:16Z">
          <reporter-output>
          </reporter-output>
        </test-method> <!-- oneFcTest -->
        <test-method status="PASS" signature="tearDown()[pri:0, instance:oneFc.appiumautomation.OneFcTest@17211155]" name="tearDown" is-config="true" duration-ms="446" started-at="2019-12-22T18:43:16Z" finished-at="2019-12-22T18:43:17Z">
          <reporter-output>
          </reporter-output>
        </test-method> <!-- tearDown -->
      </class> <!-- oneFc.appiumautomation.OneFcTest -->
    </test> <!-- Default test -->
  </suite> <!-- Default suite -->
</testng-results>
